2024-11-05T16:14:53.131+01:00  INFO 9516 --- [PROJEC GESTION-BEBLIOTHEQUE-BACK-END] [restartedMain] jecGestionBebliothequeBackEndApplication : Starting ProjecGestionBebliothequeBackEndApplication using Java 19.0.2 with PID 9516 (D:\JAVA project\main-gestion-biblio\GESTION-BEBLIOTHEQUE-BACKEND\target\classes started by pc in D:\JAVA project\main-gestion-biblio\GESTION-BEBLIOTHEQUE-BACKEND)
2024-11-05T16:14:53.131+01:00  INFO 9516 --- [PROJEC GESTION-BEBLIOTHEQUE-BACK-END] [restartedMain] jecGestionBebliothequeBackEndApplication : No active profile set, falling back to 1 default profile: "default"
2024-11-05T16:14:53.531+01:00  INFO 9516 --- [PROJEC GESTION-BEBLIOTHEQUE-BACK-END] [restartedMain] .s.d.r.c.RepositoryConfigurationDelegate : Bootstrapping Spring Data JPA repositories in DEFAULT mode.
2024-11-05T16:14:53.575+01:00  INFO 9516 --- [PROJEC GESTION-BEBLIOTHEQUE-BACK-END] [restartedMain] .s.d.r.c.RepositoryConfigurationDelegate : Finished Spring Data repository scanning in 26 ms. Found 2 JPA repository interfaces.
2024-11-05T16:14:53.763+01:00  INFO 9516 --- [PROJEC GESTION-BEBLIOTHEQUE-BACK-END] [restartedMain] o.s.b.w.embedded.tomcat.TomcatWebServer  : Tomcat initialized with port 8090 (http)
2024-11-05T16:14:53.765+01:00  INFO 9516 --- [PROJEC GESTION-BEBLIOTHEQUE-BACK-END] [restartedMain] o.apache.catalina.core.StandardService   : Starting service [Tomcat]
2024-11-05T16:14:53.766+01:00  INFO 9516 --- [PROJEC GESTION-BEBLIOTHEQUE-BACK-END] [restartedMain] o.apache.catalina.core.StandardEngine    : Starting Servlet engine: [Apache Tomcat/10.1.30]
2024-11-05T16:14:53.811+01:00  INFO 9516 --- [PROJEC GESTION-BEBLIOTHEQUE-BACK-END] [restartedMain] o.a.c.c.C.[Tomcat].[localhost].[/]       : Initializing Spring embedded WebApplicationContext
2024-11-05T16:14:53.812+01:00  INFO 9516 --- [PROJEC GESTION-BEBLIOTHEQUE-BACK-END] [restartedMain] w.s.c.ServletWebServerApplicationContext : Root WebApplicationContext: initialization completed in 678 ms
2024-11-05T16:14:53.880+01:00  INFO 9516 --- [PROJEC GESTION-BEBLIOTHEQUE-BACK-END] [restartedMain] o.hibernate.jpa.internal.util.LogHelper  : HHH000204: Processing PersistenceUnitInfo [name: default]
2024-11-05T16:14:53.884+01:00  INFO 9516 --- [PROJEC GESTION-BEBLIOTHEQUE-BACK-END] [restartedMain] o.h.c.internal.RegionFactoryInitiator    : HHH000026: Second-level cache disabled
2024-11-05T16:14:53.898+01:00  INFO 9516 --- [PROJEC GESTION-BEBLIOTHEQUE-BACK-END] [restartedMain] o.s.o.j.p.SpringPersistenceUnitInfo      : No LoadTimeWeaver setup: ignoring JPA class transformer
2024-11-05T16:14:53.900+01:00  INFO 9516 --- [PROJEC GESTION-BEBLIOTHEQUE-BACK-END] [restartedMain] com.zaxxer.hikari.HikariDataSource       : HikariPool-2 - Starting...
2024-11-05T16:14:53.904+01:00  INFO 9516 --- [PROJEC GESTION-BEBLIOTHEQUE-BACK-END] [restartedMain] com.zaxxer.hikari.pool.HikariPool        : HikariPool-2 - Added connection com.mysql.cj.jdbc.ConnectionImpl@63b11adf
2024-11-05T16:14:53.904+01:00  INFO 9516 --- [PROJEC GESTION-BEBLIOTHEQUE-BACK-END] [restartedMain] com.zaxxer.hikari.HikariDataSource       : HikariPool-2 - Start completed.
2024-11-05T16:14:53.906+01:00  WARN 9516 --- [PROJEC GESTION-BEBLIOTHEQUE-BACK-END] [restartedMain] org.hibernate.dialect.Dialect            : HHH000511: The 5.5.5 version for [org.hibernate.dialect.MySQLDialect] is no longer supported, hence certain features may not work properly. The minimum supported version is 8.0.0. Check the community dialects project for available legacy versions.
2024-11-05T16:14:53.907+01:00  WARN 9516 --- [PROJEC GESTION-BEBLIOTHEQUE-BACK-END] [restartedMain] org.hibernate.orm.deprecation            : HHH90000025: MySQLDialect does not need to be specified explicitly using 'hibernate.dialect' (remove the property setting and it will be selected by default)
2024-11-05T16:14:54.013+01:00  INFO 9516 --- [PROJEC GESTION-BEBLIOTHEQUE-BACK-END] [restartedMain] o.h.e.t.j.p.i.JtaPlatformInitiator       : HHH000489: No JTA platform available (set 'hibernate.transaction.jta.platform' to enable JTA platform integration)
2024-11-05T16:14:54.080+01:00  INFO 9516 --- [PROJEC GESTION-BEBLIOTHEQUE-BACK-END] [restartedMain] j.LocalContainerEntityManagerFactoryBean : Initialized JPA EntityManagerFactory for persistence unit 'default'
2024-11-05T16:14:54.314+01:00  WARN 9516 --- [PROJEC GESTION-BEBLIOTHEQUE-BACK-END] [restartedMain] JpaBaseConfiguration$JpaWebConfiguration : spring.jpa.open-in-view is enabled by default. Therefore, database queries may be performed during view rendering. Explicitly configure spring.jpa.open-in-view to disable this warning
2024-11-05T16:14:54.576+01:00  INFO 9516 --- [PROJEC GESTION-BEBLIOTHEQUE-BACK-END] [restartedMain] o.s.b.d.a.OptionalLiveReloadServer       : LiveReload server is running on port 35729
2024-11-05T16:14:54.600+01:00  INFO 9516 --- [PROJEC GESTION-BEBLIOTHEQUE-BACK-END] [restartedMain] o.s.b.w.embedded.tomcat.TomcatWebServer  : Tomcat started on port 8090 (http) with context path '/'
2024-11-05T16:14:54.608+01:00  INFO 9516 --- [PROJEC GESTION-BEBLIOTHEQUE-BACK-END] [restartedMain] jecGestionBebliothequeBackEndApplication : Started ProjecGestionBebliothequeBackEndApplication in 1.565 seconds (process running for 1047.672)
2024-11-05T16:14:54.611+01:00  INFO 9516 --- [PROJEC GESTION-BEBLIOTHEQUE-BACK-END] [restartedMain] .ConditionEvaluationDeltaLoggingListener : Condition evaluation unchanged
2024-11-05T16:15:23.176+01:00  INFO 9516 --- [PROJEC GESTION-BEBLIOTHEQUE-BACK-END] [File Watcher] rtingClassPathChangeChangedEventListener : Restarting due to 1 class path change (0 additions, 0 deletions, 1 modification)
2024-11-05T16:15:23.505+01:00  INFO 9516 --- [PROJEC GESTION-BEBLIOTHEQUE-BACK-END] [Thread-7] j.LocalContainerEntityManagerFactoryBean : Closing JPA EntityManagerFactory for persistence unit 'default'
2024-11-05T16:15:23.506+01:00  INFO 9516 --- [PROJEC GESTION-BEBLIOTHEQUE-BACK-END] [Thread-7] com.zaxxer.hikari.HikariDataSource       : HikariPool-2 - Shutdown initiated...
2024-11-05T16:15:23.509+01:00  INFO 9516 --- [PROJEC GESTION-BEBLIOTHEQUE-BACK-END] [Thread-7] com.zaxxer.hikari.HikariDataSource       : HikariPool-2 - Shutdown completed.
